0 info it worked if it ends with ok
1 verbose cli [ 'D:\\Program Files\\nodejs\\node.exe',
1 verbose cli   'D:\\Program Files\\nodejs\\node_modules\\npm\\bin\\npm-cli.js',
1 verbose cli   'run',
1 verbose cli   'dev' ]
2 info using npm@3.10.10
3 info using node@v6.9.5
4 verbose run-script [ 'predev', 'dev', 'postdev' ]
5 info lifecycle spa@1.0.0~predev: spa@1.0.0
6 silly lifecycle spa@1.0.0~predev: no script for predev, continuing
7 info lifecycle spa@1.0.0~dev: spa@1.0.0
8 verbose lifecycle spa@1.0.0~dev: unsafe-perm in lifecycle true
9 verbose lifecycle spa@1.0.0~dev: PATH: D:\Program Files\nodejs\node_modules\npm\bin\node-gyp-bin;F:\github_project\spa\node_modules\.bin;C:\Users\Administrator\bin;E:\git\Git\mingw64\bin;E:\git\Git\usr\local\bin;E:\git\Git\usr\bin;E:\git\Git\usr\bin;E:\git\Git\mingw64\bin;E:\git\Git\usr\bin;C:\Users\Administrator\bin;C:\Program Files (x86)\Common Files\NetSarang;C:\Windows\system32;C:\Windows;C:\Windows\System32\Wbem;C:\Windows\System32\WindowsPowerShell\v1.0;D:\Program Files\nodejs;D:\Python27;D:\JDK\bin;C:\Users\Administrator\AppData\Local\Android\sdk1\tools;C:\Users\Administrator\AppData\Local\Android\sdk1\platform-tools;E:\git\Git\usr\bin;E:\git\Git\libexec\git-core;C:\Users\Administrator\AppData\Roaming\npm;E:\git\Git\usr\bin\vendor_perl;E:\git\Git\usr\bin\core_perl
10 verbose lifecycle spa@1.0.0~dev: CWD: F:\github_project\spa
11 silly lifecycle spa@1.0.0~dev: Args: [ '/d /s /c', 'webpack-dev-server' ]
12 silly lifecycle spa@1.0.0~dev: Returned: code: 1  signal: null
13 info lifecycle spa@1.0.0~dev: Failed to exec dev script
14 verbose stack Error: spa@1.0.0 dev: `webpack-dev-server`
14 verbose stack Exit status 1
14 verbose stack     at EventEmitter.<anonymous> (D:\Program Files\nodejs\node_modules\npm\lib\utils\lifecycle.js:255:16)
14 verbose stack     at emitTwo (events.js:106:13)
14 verbose stack     at EventEmitter.emit (events.js:191:7)
14 verbose stack     at ChildProcess.<anonymous> (D:\Program Files\nodejs\node_modules\npm\lib\utils\spawn.js:40:14)
14 verbose stack     at emitTwo (events.js:106:13)
14 verbose stack     at ChildProcess.emit (events.js:191:7)
14 verbose stack     at maybeClose (internal/child_process.js:877:16)
14 verbose stack     at Process.ChildProcess._handle.onexit (internal/child_process.js:226:5)
15 verbose pkgid spa@1.0.0
16 verbose cwd F:\github_project\spa
17 error Windows_NT 6.1.7601
18 error argv "D:\\Program Files\\nodejs\\node.exe" "D:\\Program Files\\nodejs\\node_modules\\npm\\bin\\npm-cli.js" "run" "dev"
19 error node v6.9.5
20 error npm  v3.10.10
21 error code ELIFECYCLE
22 error spa@1.0.0 dev: `webpack-dev-server`
22 error Exit status 1
23 error Failed at the spa@1.0.0 dev script 'webpack-dev-server'.
23 error Make sure you have the latest version of node.js and npm installed.
23 error If you do, this is most likely a problem with the spa package,
23 error not with npm itself.
23 error Tell the author that this fails on your system:
23 error     webpack-dev-server
23 error You can get information on how to open an issue for this project with:
23 error     npm bugs spa
23 error Or if that isn't available, you can get their info via:
23 error     npm owner ls spa
23 error There is likely additional logging output above.
24 verbose exit [ 1, true ]
